2024-07-16 22:31:09.329|ERROR||||||[main]|o.s.b.d.LoggingFailureAnalysisReporter - [report,40] - 

***************************
APPLICATION FAILED TO START
***************************

Description:

A component required a bean of type 'com.blog.utils.JwtUtil' that could not be found.


Action:

Consider defining a bean of type 'com.blog.utils.JwtUtil' in your configuration.

2024-07-16 22:33:14.016|ERROR||||||[main]|o.s.b.d.LoggingFailureAnalysisReporter - [report,40] - 

***************************
APPLICATION FAILED TO START
***************************

Description:

A component required a bean of type 'com.blog.utils.JwtUtil' that could not be found.


Action:

Consider defining a bean of type 'com.blog.utils.JwtUtil' in your configuration.

2024-07-16 22:34:52.982|ERROR||||||[main]|o.s.b.d.LoggingFailureAnalysisReporter - [report,40] - 

***************************
APPLICATION FAILED TO START
***************************

Description:

A component required a bean of type 'com.blog.utils.JwtUtil' that could not be found.


Action:

Consider defining a bean of type 'com.blog.utils.JwtUtil' in your configuration.

2024-07-16 22:36:51.161|ERROR||||||[main]|o.s.b.d.LoggingFailureAnalysisReporter - [report,40] - 

***************************
APPLICATION FAILED TO START
***************************

Description:

A component required a bean of type 'com.blog.utils.JwtUtil' that could not be found.


Action:

Consider defining a bean of type 'com.blog.utils.JwtUtil' in your configuration.

2024-07-16 22:37:39.100|ERROR||||||[main]|o.s.b.d.LoggingFailureAnalysisReporter - [report,40] - 

***************************
APPLICATION FAILED TO START
***************************

Description:

A component required a bean of type 'com.blog.utils.JwtUtil' that could not be found.


Action:

Consider defining a bean of type 'com.blog.utils.JwtUtil' in your configuration.

